DEBUG - 2025-07-12 02:38:00 --> Session: Class initialized using 'CodeIgniter\Session\Handlers\FileHandler' driver.
DEBUG - 2025-07-12 02:38:12 --> Session: Class initialized using 'CodeIgniter\Session\Handlers\FileHandler' driver.
DEBUG - 2025-07-12 02:39:22 --> Session: Class initialized using 'CodeIgniter\Session\Handlers\FileHandler' driver.
DEBUG - 2025-07-12 02:39:29 --> Session: Class initialized using 'CodeIgniter\Session\Handlers\FileHandler' driver.
ERROR - 2025-07-12 03:16:27 --> Error connecting to the database: mysqli_sql_exception: No se puede establecer una conexión ya que el equipo de destino denegó expresamente dicha conexión in C:\xampp\htdocs\tulioriera\system\Database\MySQLi\Connection.php:201
Stack trace:
#0 C:\xampp\htdocs\tulioriera\system\Database\MySQLi\Connection.php(201): mysqli->real_connect('localhost', 'root', Object(SensitiveParameterValue), 'tulioriera', 3306, '', 0)
#1 C:\xampp\htdocs\tulioriera\system\Database\BaseConnection.php(421): CodeIgniter\Database\MySQLi\Connection->connect(false)
#2 C:\xampp\htdocs\tulioriera\system\Database\BaseConnection.php(620): CodeIgniter\Database\BaseConnection->initialize()
#3 C:\xampp\htdocs\tulioriera\system\Database\BaseBuilder.php(1649): CodeIgniter\Database\BaseConnection->query('SELECT `v`.`fec...', Array, false)
#4 C:\xampp\htdocs\tulioriera\app\Controllers\VencimientosController.php(69): CodeIgniter\Database\BaseBuilder->get()
#5 C:\xampp\htdocs\tulioriera\app\Controllers\VencimientosController.php(53): App\Controllers\VencimientosController->vencimientosPorDias(9999)
#6 C:\xampp\htdocs\tulioriera\system\CodeIgniter.php(933): App\Controllers\VencimientosController->verParaJefe()
#7 C:\xampp\htdocs\tulioriera\system\CodeIgniter.php(507): CodeIgniter\CodeIgniter->runController(Object(App\Controllers\VencimientosController))
#8 C:\xampp\htdocs\tulioriera\system\CodeIgniter.php(354): CodeIgniter\CodeIgniter->handleRequest(NULL, Object(Config\Cache), false)
#9 C:\xampp\htdocs\tulioriera\system\Boot.php(334): CodeIgniter\CodeIgniter->run()
#10 C:\xampp\htdocs\tulioriera\system\Boot.php(67): CodeIgniter\Boot::runCodeIgniter(Object(CodeIgniter\CodeIgniter))
#11 C:\xampp\htdocs\tulioriera\index.php(59): CodeIgniter\Boot::bootWeb(Object(Config\Paths))
#12 {main}

Next CodeIgniter\Database\Exceptions\DatabaseException: No se puede establecer una conexión ya que el equipo de destino denegó expresamente dicha conexión in C:\xampp\htdocs\tulioriera\system\Database\MySQLi\Connection.php:246
Stack trace:
#0 C:\xampp\htdocs\tulioriera\system\Database\BaseConnection.php(421): CodeIgniter\Database\MySQLi\Connection->connect(false)
#1 C:\xampp\htdocs\tulioriera\system\Database\BaseConnection.php(620): CodeIgniter\Database\BaseConnection->initialize()
#2 C:\xampp\htdocs\tulioriera\system\Database\BaseBuilder.php(1649): CodeIgniter\Database\BaseConnection->query('SELECT `v`.`fec...', Array, false)
#3 C:\xampp\htdocs\tulioriera\app\Controllers\VencimientosController.php(69): CodeIgniter\Database\BaseBuilder->get()
#4 C:\xampp\htdocs\tulioriera\app\Controllers\VencimientosController.php(53): App\Controllers\VencimientosController->vencimientosPorDias(9999)
#5 C:\xampp\htdocs\tulioriera\system\CodeIgniter.php(933): App\Controllers\VencimientosController->verParaJefe()
#6 C:\xampp\htdocs\tulioriera\system\CodeIgniter.php(507): CodeIgniter\CodeIgniter->runController(Object(App\Controllers\VencimientosController))
#7 C:\xampp\htdocs\tulioriera\system\CodeIgniter.php(354): CodeIgniter\CodeIgniter->handleRequest(NULL, Object(Config\Cache), false)
#8 C:\xampp\htdocs\tulioriera\system\Boot.php(334): CodeIgniter\CodeIgniter->run()
#9 C:\xampp\htdocs\tulioriera\system\Boot.php(67): CodeIgniter\Boot::runCodeIgniter(Object(CodeIgniter\CodeIgniter))
#10 C:\xampp\htdocs\tulioriera\index.php(59): CodeIgniter\Boot::bootWeb(Object(Config\Paths))
#11 {main}
CRITICAL - 2025-07-12 03:16:27 --> CodeIgniter\Database\Exceptions\DatabaseException: Unable to connect to the database.
Main connection [MySQLi]: No se puede establecer una conexión ya que el equipo de destino denegó expresamente dicha conexión
[Method: GET, Route: jefe/vencimientos]
in SYSTEMPATH\Database\BaseConnection.php on line 467.
 1 SYSTEMPATH\Database\BaseConnection.php(620): CodeIgniter\Database\BaseConnection->initialize()
 2 SYSTEMPATH\Database\BaseBuilder.php(1649): CodeIgniter\Database\BaseConnection->query('SELECT `v`.`fecha_vencimiento`, `v`.`created_at`, `p`.`pasillo`, `u`.`nombre` AS `pasillero`, `p`.`nombre` AS `producto`
FROM `vencimientos` `v`
JOIN `usuarios` `u` ON `u`.`id` = `v`.`usuario_id`
JOIN `productos_deposito` `p` ON `p`.`id` = `v`.`producto_id`
WHERE `v`.`fecha_vencimiento` <= :v.fecha_vencimiento:
ORDER BY `v`.`fecha_vencimiento` ASC', [...], false)
 3 APPPATH\Controllers\VencimientosController.php(69): CodeIgniter\Database\BaseBuilder->get()
 4 APPPATH\Controllers\VencimientosController.php(53): App\Controllers\VencimientosController->vencimientosPorDias(9999)
 5 SYSTEMPATH\CodeIgniter.php(933): App\Controllers\VencimientosController->verParaJefe()
 6 SYSTEMPATH\CodeIgniter.php(507): CodeIgniter\CodeIgniter->runController(Object(App\Controllers\VencimientosController))
 7 SYSTEMPATH\CodeIgniter.php(354): CodeIgniter\CodeIgniter->handleRequest(null, Object(Config\Cache), false)
 8 SYSTEMPATH\Boot.php(334): CodeIgniter\CodeIgniter->run()
 9 SYSTEMPATH\Boot.php(67): CodeIgniter\Boot::runCodeIgniter(Object(CodeIgniter\CodeIgniter))
10 FCPATH\index.php(59): CodeIgniter\Boot::bootWeb(Object(Config\Paths))
DEBUG - 2025-07-12 03:23:15 --> Session: Class initialized using 'CodeIgniter\Session\Handlers\FileHandler' driver.
DEBUG - 2025-07-12 03:24:14 --> Session: Class initialized using 'CodeIgniter\Session\Handlers\FileHandler' driver.
DEBUG - 2025-07-12 03:24:15 --> Session: Class initialized using 'CodeIgniter\Session\Handlers\FileHandler' driver.
CRITICAL - 2025-07-12 03:42:38 --> ErrorException: Undefined variable $productos_cargados
[Method: GET, Route: jefe/dashboard]
in APPPATH\Views\back\jefe\jefe_dashboard.php on line 12.
 1 APPPATH\Views\back\jefe\jefe_dashboard.php(12): CodeIgniter\Debug\Exceptions->errorHandler(2, 'Undefined variable $productos_cargados', 'C:\\xampp\\htdocs\\tulioriera\\app\\Views\\back\\jefe\\jefe_dashboard.php', 12)
 2 SYSTEMPATH\View\View.php(224): include('C:\\xampp\\htdocs\\tulioriera\\app\\Views\\back\\jefe\\jefe_dashboard.php')
 3 SYSTEMPATH\View\View.php(227): CodeIgniter\View\View->CodeIgniter\View\{closure}()
 4 SYSTEMPATH\Common.php(1173): CodeIgniter\View\View->render('back/jefe/jefe_dashboard', [], true)
 5 APPPATH\Controllers\JefeDepositoController.php(21): view('back/jefe/jefe_dashboard', [...])
 6 SYSTEMPATH\CodeIgniter.php(933): App\Controllers\JefeDepositoController->dashboard()
 7 SYSTEMPATH\CodeIgniter.php(507): CodeIgniter\CodeIgniter->runController(Object(App\Controllers\JefeDepositoController))
 8 SYSTEMPATH\CodeIgniter.php(354): CodeIgniter\CodeIgniter->handleRequest(null, Object(Config\Cache), false)
 9 SYSTEMPATH\Boot.php(334): CodeIgniter\CodeIgniter->run()
10 SYSTEMPATH\Boot.php(67): CodeIgniter\Boot::runCodeIgniter(Object(CodeIgniter\CodeIgniter))
11 FCPATH\index.php(59): CodeIgniter\Boot::bootWeb(Object(Config\Paths))
DEBUG - 2025-07-12 03:55:22 --> Session: Class initialized using 'CodeIgniter\Session\Handlers\FileHandler' driver.
DEBUG - 2025-07-12 03:55:29 --> Session: Class initialized using 'CodeIgniter\Session\Handlers\FileHandler' driver.
CRITICAL - 2025-07-12 03:55:29 --> ErrorException: Undefined variable $vencimientos_registrados
[Method: GET, Route: jefe/dashboard]
in APPPATH\Views\back\jefe\jefe_dashboard.php on line 23.
 1 APPPATH\Views\back\jefe\jefe_dashboard.php(23): CodeIgniter\Debug\Exceptions->errorHandler(2, 'Undefined variable $vencimientos_registrados', 'C:\\xampp\\htdocs\\tulioriera\\app\\Views\\back\\jefe\\jefe_dashboard.php', 23)
 2 SYSTEMPATH\View\View.php(224): include('C:\\xampp\\htdocs\\tulioriera\\app\\Views\\back\\jefe\\jefe_dashboard.php')
 3 SYSTEMPATH\View\View.php(227): CodeIgniter\View\View->CodeIgniter\View\{closure}()
 4 SYSTEMPATH\Common.php(1173): CodeIgniter\View\View->render('back/jefe/jefe_dashboard', [], true)
 5 APPPATH\Controllers\JefeDepositoController.php(16): view('back/jefe/jefe_dashboard', [...])
 6 SYSTEMPATH\CodeIgniter.php(933): App\Controllers\JefeDepositoController->dashboard()
 7 SYSTEMPATH\CodeIgniter.php(507): CodeIgniter\CodeIgniter->runController(Object(App\Controllers\JefeDepositoController))
 8 SYSTEMPATH\CodeIgniter.php(354): CodeIgniter\CodeIgniter->handleRequest(null, Object(Config\Cache), false)
 9 SYSTEMPATH\Boot.php(334): CodeIgniter\CodeIgniter->run()
10 SYSTEMPATH\Boot.php(67): CodeIgniter\Boot::runCodeIgniter(Object(CodeIgniter\CodeIgniter))
11 FCPATH\index.php(59): CodeIgniter\Boot::bootWeb(Object(Config\Paths))
CRITICAL - 2025-07-12 03:58:22 --> ErrorException: Undefined variable $filtro_dias
[Method: GET, Route: jefe/vencimientos]
in APPPATH\Views\back\jefe\vencimientos_jefe.php on line 11.
 1 APPPATH\Views\back\jefe\vencimientos_jefe.php(11): CodeIgniter\Debug\Exceptions->errorHandler(2, 'Undefined variable $filtro_dias', 'C:\\xampp\\htdocs\\tulioriera\\app\\Views\\back\\jefe\\vencimientos_jefe.php', 11)
 2 SYSTEMPATH\View\View.php(224): include('C:\\xampp\\htdocs\\tulioriera\\app\\Views\\back\\jefe\\vencimientos_jefe.php')
 3 SYSTEMPATH\View\View.php(227): CodeIgniter\View\View->CodeIgniter\View\{closure}()
 4 SYSTEMPATH\Common.php(1173): CodeIgniter\View\View->render('back/jefe/vencimientos_jefe', [], true)
 5 APPPATH\Controllers\VencimientosController.php(39): view('back/jefe/vencimientos_jefe', [...])
 6 SYSTEMPATH\CodeIgniter.php(933): App\Controllers\VencimientosController->verParaJefe()
 7 SYSTEMPATH\CodeIgniter.php(507): CodeIgniter\CodeIgniter->runController(Object(App\Controllers\VencimientosController))
 8 SYSTEMPATH\CodeIgniter.php(354): CodeIgniter\CodeIgniter->handleRequest(null, Object(Config\Cache), false)
 9 SYSTEMPATH\Boot.php(334): CodeIgniter\CodeIgniter->run()
10 SYSTEMPATH\Boot.php(67): CodeIgniter\Boot::runCodeIgniter(Object(CodeIgniter\CodeIgniter))
11 FCPATH\index.php(59): CodeIgniter\Boot::bootWeb(Object(Config\Paths))
CRITICAL - 2025-07-12 04:02:07 --> ErrorException: Undefined variable $filtro_dias
[Method: GET, Route: jefe/vencimientos]
in APPPATH\Views\back\jefe\vencimientos_jefe.php on line 11.
 1 APPPATH\Views\back\jefe\vencimientos_jefe.php(11): CodeIgniter\Debug\Exceptions->errorHandler(2, 'Undefined variable $filtro_dias', 'C:\\xampp\\htdocs\\tulioriera\\app\\Views\\back\\jefe\\vencimientos_jefe.php', 11)
 2 SYSTEMPATH\View\View.php(224): include('C:\\xampp\\htdocs\\tulioriera\\app\\Views\\back\\jefe\\vencimientos_jefe.php')
 3 SYSTEMPATH\View\View.php(227): CodeIgniter\View\View->CodeIgniter\View\{closure}()
 4 SYSTEMPATH\Common.php(1173): CodeIgniter\View\View->render('back/jefe/vencimientos_jefe', [], true)
 5 APPPATH\Controllers\VencimientosController.php(42): view('back/jefe/vencimientos_jefe', [...])
 6 APPPATH\Controllers\VencimientosController.php(21): App\Controllers\VencimientosController->vencimientosPorDias(9999)
 7 SYSTEMPATH\CodeIgniter.php(933): App\Controllers\VencimientosController->verParaJefe()
 8 SYSTEMPATH\CodeIgniter.php(507): CodeIgniter\CodeIgniter->runController(Object(App\Controllers\VencimientosController))
 9 SYSTEMPATH\CodeIgniter.php(354): CodeIgniter\CodeIgniter->handleRequest(null, Object(Config\Cache), false)
10 SYSTEMPATH\Boot.php(334): CodeIgniter\CodeIgniter->run()
11 SYSTEMPATH\Boot.php(67): CodeIgniter\Boot::runCodeIgniter(Object(CodeIgniter\CodeIgniter))
12 FCPATH\index.php(59): CodeIgniter\Boot::bootWeb(Object(Config\Paths))
CRITICAL - 2025-07-12 04:02:12 --> ErrorException: Undefined variable $filtro_dias
[Method: GET, Route: jefe/vencimientos]
in APPPATH\Views\back\jefe\vencimientos_jefe.php on line 11.
 1 APPPATH\Views\back\jefe\vencimientos_jefe.php(11): CodeIgniter\Debug\Exceptions->errorHandler(2, 'Undefined variable $filtro_dias', 'C:\\xampp\\htdocs\\tulioriera\\app\\Views\\back\\jefe\\vencimientos_jefe.php', 11)
 2 SYSTEMPATH\View\View.php(224): include('C:\\xampp\\htdocs\\tulioriera\\app\\Views\\back\\jefe\\vencimientos_jefe.php')
 3 SYSTEMPATH\View\View.php(227): CodeIgniter\View\View->CodeIgniter\View\{closure}()
 4 SYSTEMPATH\Common.php(1173): CodeIgniter\View\View->render('back/jefe/vencimientos_jefe', [], true)
 5 APPPATH\Controllers\VencimientosController.php(42): view('back/jefe/vencimientos_jefe', [...])
 6 APPPATH\Controllers\VencimientosController.php(21): App\Controllers\VencimientosController->vencimientosPorDias(9999)
 7 SYSTEMPATH\CodeIgniter.php(933): App\Controllers\VencimientosController->verParaJefe()
 8 SYSTEMPATH\CodeIgniter.php(507): CodeIgniter\CodeIgniter->runController(Object(App\Controllers\VencimientosController))
 9 SYSTEMPATH\CodeIgniter.php(354): CodeIgniter\CodeIgniter->handleRequest(null, Object(Config\Cache), false)
10 SYSTEMPATH\Boot.php(334): CodeIgniter\CodeIgniter->run()
11 SYSTEMPATH\Boot.php(67): CodeIgniter\Boot::runCodeIgniter(Object(CodeIgniter\CodeIgniter))
12 FCPATH\index.php(59): CodeIgniter\Boot::bootWeb(Object(Config\Paths))
CRITICAL - 2025-07-12 04:04:28 --> CodeIgniter\View\Exceptions\ViewException: Invalid file: "back/jefe/form_producto_vencimiento.php"
[Method: GET, Route: jefe/productos-vencimiento]
in SYSTEMPATH\Exceptions\FrameworkException.php on line 39.
 1 SYSTEMPATH\View\View.php(212): CodeIgniter\Exceptions\FrameworkException::forInvalidFile('back/jefe/form_producto_vencimiento.php')
 2 SYSTEMPATH\Common.php(1173): CodeIgniter\View\View->render('back/jefe/form_producto_vencimiento', [], true)
 3 APPPATH\Controllers\JefeDepositoController.php(58): view('back/jefe/form_producto_vencimiento')
 4 SYSTEMPATH\CodeIgniter.php(933): App\Controllers\JefeDepositoController->formProductoConVencimiento()
 5 SYSTEMPATH\CodeIgniter.php(507): CodeIgniter\CodeIgniter->runController(Object(App\Controllers\JefeDepositoController))
 6 SYSTEMPATH\CodeIgniter.php(354): CodeIgniter\CodeIgniter->handleRequest(null, Object(Config\Cache), false)
 7 SYSTEMPATH\Boot.php(334): CodeIgniter\CodeIgniter->run()
 8 SYSTEMPATH\Boot.php(67): CodeIgniter\Boot::runCodeIgniter(Object(CodeIgniter\CodeIgniter))
 9 FCPATH\index.php(59): CodeIgniter\Boot::bootWeb(Object(Config\Paths))
DEBUG - 2025-07-12 04:06:17 --> Session: Class initialized using 'CodeIgniter\Session\Handlers\FileHandler' driver.
DEBUG - 2025-07-12 04:07:28 --> Session: Class initialized using 'CodeIgniter\Session\Handlers\FileHandler' driver.
CRITICAL - 2025-07-12 04:25:58 --> CodeIgniter\Exceptions\BadMethodCallException: Call to undefined method App\Models\VencimientoModel::obtenerParaJefe
[Method: GET, Route: vencimientos/exportarPdf]
in SYSTEMPATH\Model.php on line 930.
 1 APPPATH\Controllers\VencimientosController.php(55): CodeIgniter\Model->__call('obtenerParaJefe', [...])
 2 SYSTEMPATH\CodeIgniter.php(933): App\Controllers\VencimientosController->exportarPdf()
 3 SYSTEMPATH\CodeIgniter.php(507): CodeIgniter\CodeIgniter->runController(Object(App\Controllers\VencimientosController))
 4 SYSTEMPATH\CodeIgniter.php(354): CodeIgniter\CodeIgniter->handleRequest(null, Object(Config\Cache), false)
 5 SYSTEMPATH\Boot.php(334): CodeIgniter\CodeIgniter->run()
 6 SYSTEMPATH\Boot.php(67): CodeIgniter\Boot::runCodeIgniter(Object(CodeIgniter\CodeIgniter))
 7 FCPATH\index.php(59): CodeIgniter\Boot::bootWeb(Object(Config\Paths))
DEBUG - 2025-07-12 04:30:27 --> Session: Class initialized using 'CodeIgniter\Session\Handlers\FileHandler' driver.
DEBUG - 2025-07-12 04:33:33 --> Session: Class initialized using 'CodeIgniter\Session\Handlers\FileHandler' driver.
DEBUG - 2025-07-12 04:33:33 --> Session: Class initialized using 'CodeIgniter\Session\Handlers\FileHandler' driver.
DEBUG - 2025-07-12 04:33:47 --> Session: Class initialized using 'CodeIgniter\Session\Handlers\FileHandler' driver.
DEBUG - 2025-07-12 04:36:12 --> Session: Class initialized using 'CodeIgniter\Session\Handlers\FileHandler' driver.
DEBUG - 2025-07-12 04:36:35 --> Session: Class initialized using 'CodeIgniter\Session\Handlers\FileHandler' driver.
DEBUG - 2025-07-12 04:39:08 --> Session: Class initialized using 'CodeIgniter\Session\Handlers\FileHandler' driver.
DEBUG - 2025-07-12 04:39:45 --> Session: Class initialized using 'CodeIgniter\Session\Handlers\FileHandler' driver.
